0 info it worked if it ends with ok
1 verbose cli [ 'C:\\Program Files\\nodejs\\node.exe',
1 verbose cli   'C:\\Program Files\\nodejs\\node_modules\\npm\\bin\\npm-cli.js',
1 verbose cli   'run',
1 verbose cli   'test-watch' ]
2 info using npm@3.10.9
3 info using node@v6.9.2
4 verbose run-script [ 'pretest-watch', 'test-watch', 'posttest-watch' ]
5 info lifecycle nodejs-auth@1.0.0~pretest-watch: nodejs-auth@1.0.0
6 silly lifecycle nodejs-auth@1.0.0~pretest-watch: no script for pretest-watch, continuing
7 info lifecycle nodejs-auth@1.0.0~test-watch: nodejs-auth@1.0.0
8 verbose lifecycle nodejs-auth@1.0.0~test-watch: unsafe-perm in lifecycle true
9 verbose lifecycle nodejs-auth@1.0.0~test-watch: PATH: C:\Program Files\nodejs\node_modules\npm\bin\node-gyp-bin;C:\Users\Ankit\Documents\GitHub\nodejs-auth\node_modules\.bin;C:\Windows\system32;C:\Windows;C:\Windows\System32\Wbem;C:\Windows\System32\WindowsPowerShell\v1.0\;C:\Program Files\nodejs\;C:\Program Files\Git\cmd;;C:\Program Files (x86)\Microsoft VS Code\bin;C:\Users\Ankit\AppData\Roaming\npm
10 verbose lifecycle nodejs-auth@1.0.0~test-watch: CWD: C:\Users\Ankit\Documents\GitHub\nodejs-auth
11 silly lifecycle nodejs-auth@1.0.0~test-watch: Args: [ '/d /s /c', 'nodemon --exec "npm test"' ]
12 info lifecycle nodejs-auth@1.0.0~test-watch: Failed to exec test-watch script
13 verbose stack Error: nodejs-auth@1.0.0 test-watch: `nodemon --exec "npm test"`
13 verbose stack spawn C:\Windows\system32\cmd.exe;C:\Program Files\Git\bin\git.exe;C:\Program Files\Git\cmd ENOENT
13 verbose stack     at exports._errnoException (util.js:1022:11)
13 verbose stack     at Process.ChildProcess._handle.onexit (internal/child_process.js:193:32)
13 verbose stack     at onErrorNT (internal/child_process.js:359:16)
13 verbose stack     at _combinedTickCallback (internal/process/next_tick.js:74:11)
13 verbose stack     at process._tickCallback (internal/process/next_tick.js:98:9)
14 verbose pkgid nodejs-auth@1.0.0
15 verbose cwd C:\Users\Ankit\Documents\GitHub\nodejs-auth
16 error Windows_NT 6.1.7601
17 error argv "C:\\Program Files\\nodejs\\node.exe" "C:\\Program Files\\nodejs\\node_modules\\npm\\bin\\npm-cli.js" "run" "test-watch"
18 error node v6.9.2
19 error npm  v3.10.9
20 error file C:\Windows\system32\cmd.exe;C:\Program Files\Git\bin\git.exe;C:\Program Files\Git\cmd
21 error path C:\Windows\system32\cmd.exe;C:\Program Files\Git\bin\git.exe;C:\Program Files\Git\cmd
22 error code ELIFECYCLE
23 error errno ENOENT
24 error syscall spawn C:\Windows\system32\cmd.exe;C:\Program Files\Git\bin\git.exe;C:\Program Files\Git\cmd
25 error nodejs-auth@1.0.0 test-watch: `nodemon --exec "npm test"`
25 error spawn C:\Windows\system32\cmd.exe;C:\Program Files\Git\bin\git.exe;C:\Program Files\Git\cmd ENOENT
26 error Failed at the nodejs-auth@1.0.0 test-watch script 'nodemon --exec "npm test"'.
26 error Make sure you have the latest version of node.js and npm installed.
26 error If you do, this is most likely a problem with the nodejs-auth package,
26 error not with npm itself.
26 error Tell the author that this fails on your system:
26 error     nodemon --exec "npm test"
26 error You can get information on how to open an issue for this project with:
26 error     npm bugs nodejs-auth
26 error Or if that isn't available, you can get their info via:
26 error     npm owner ls nodejs-auth
26 error There is likely additional logging output above.
27 verbose exit [ 1, true ]
